2022-11-01 11:27:41.759960 [NOTICE] [HttpListenCommand.cc:108] IPv4 RPC: listening on TCP port 6800
2022-11-01 11:27:41.760489 [NOTICE] [HttpListenCommand.cc:108] IPv6 RPC: listening on TCP port 6800
2022-11-01 11:28:41.848365 [NOTICE] [SaveSessionCommand.cc:82] Serialized session to '/Users/cxx/.aria2/aria2.session' successfully.
2022-11-01 11:32:14.398018 [NOTICE] [DownloadEngine.cc:256] Shutdown sequence commencing... Press Ctrl-C again for emergency shutdown.
2022-11-01 11:32:14.400600 [NOTICE] [MultiUrlRequestInfo.cc:342] Serialized session to '/Users/cxx/.aria2/aria2.session' successfully.
2022-11-01 11:32:37.900563 [WARN] [DownloadEngineFactory.cc:201] Neither --rpc-secret nor a combination of --rpc-user and --rpc-passwd is set. This is insecure. It is extremely recommended to specify --rpc-secret with the adequate secrecy or now deprecated --rpc-user and --rpc-passwd.
2022-11-01 11:32:37.901149 [NOTICE] [HttpListenCommand.cc:108] IPv4 RPC: listening on TCP port 6800
2022-11-01 11:32:37.901303 [NOTICE] [HttpListenCommand.cc:108] IPv6 RPC: listening on TCP port 6800
2022-11-01 11:32:44.802575 [NOTICE] [DownloadEngine.cc:256] Shutdown sequence commencing... Press Ctrl-C again for emergency shutdown.
2022-11-01 11:32:44.807071 [NOTICE] [MultiUrlRequestInfo.cc:342] Serialized session to '/Users/cxx/.aria2/aria2.session' successfully.
2022-11-01 11:33:14.518184 [WARN] [DownloadEngineFactory.cc:201] Neither --rpc-secret nor a combination of --rpc-user and --rpc-passwd is set. This is insecure. It is extremely recommended to specify --rpc-secret with the adequate secrecy or now deprecated --rpc-user and --rpc-passwd.
2022-11-01 11:33:14.518687 [NOTICE] [HttpListenCommand.cc:108] IPv4 RPC: listening on TCP port 6800
2022-11-01 11:33:14.518734 [NOTICE] [HttpListenCommand.cc:108] IPv6 RPC: listening on TCP port 6800
2022-11-01 11:34:15.303529 [NOTICE] [SaveSessionCommand.cc:82] Serialized session to '/Users/cxx/.aria2/aria2.session' successfully.
2022-11-01 11:37:36.218463 [NOTICE] [DownloadEngine.cc:256] Shutdown sequence commencing... Press Ctrl-C again for emergency shutdown.
2022-11-01 11:37:36.221230 [NOTICE] [MultiUrlRequestInfo.cc:342] Serialized session to '/Users/cxx/.aria2/aria2.session' successfully.
2022-11-01 11:38:07.691606 [NOTICE] [HttpListenCommand.cc:108] IPv4 RPC: listening on TCP port 6800
2022-11-01 11:38:07.692049 [NOTICE] [HttpListenCommand.cc:108] IPv6 RPC: listening on TCP port 6800
2022-11-01 11:38:24.438859 [NOTICE] [DownloadEngine.cc:256] Shutdown sequence commencing... Press Ctrl-C again for emergency shutdown.
2022-11-01 11:38:24.440692 [NOTICE] [MultiUrlRequestInfo.cc:342] Serialized session to '/Users/cxx/.aria2/aria2.session' successfully.
2022-11-01 11:39:37.752248 [NOTICE] [HttpListenCommand.cc:108] IPv4 RPC: listening on TCP port 6800
2022-11-01 11:39:37.752746 [NOTICE] [HttpListenCommand.cc:108] IPv6 RPC: listening on TCP port 6800
2022-11-01 11:40:38.068548 [NOTICE] [SaveSessionCommand.cc:82] Serialized session to '/Users/cxx/.aria2/aria2.session' successfully.
2022-11-01 11:44:57.055585 [NOTICE] [DownloadEngine.cc:256] Shutdown sequence commencing... Press Ctrl-C again for emergency shutdown.
2022-11-01 11:44:57.056020 [NOTICE] [MultiUrlRequestInfo.cc:342] Serialized session to '/Users/cxx/.aria2/aria2.session' successfully.
2022-11-01 11:45:31.693889 [NOTICE] [HttpListenCommand.cc:108] IPv4 RPC: listening on TCP port 6800
2022-11-01 11:45:31.694383 [NOTICE] [HttpListenCommand.cc:108] IPv6 RPC: listening on TCP port 6800
2022-11-01 11:46:31.953848 [NOTICE] [SaveSessionCommand.cc:82] Serialized session to '/Users/cxx/.aria2/aria2.session' successfully.
2022-11-01 11:47:48.067372 [NOTICE] [SingleFileAllocationIterator.cc:77] Allocating disk space. Use --file-allocation=none to disable it. See --file-allocation option in man page for more details.
2022-11-01 11:48:32.282934 [NOTICE] [SaveSessionCommand.cc:82] Serialized session to '/Users/cxx/.aria2/aria2.session' successfully.
2022-11-01 11:48:44.653209 [NOTICE] [Context.cc:311] Downloading 1 item(s)
2022-11-01 11:48:44.654095 [ERROR] [HttpListenCommand.cc:112] IPv4 RPC: failed to bind TCP port 6800
Exception: [SocketCore.cc:312] errorCode=1 Failed to bind a socket, cause: Address already in use
2022-11-01 11:48:44.654187 [ERROR] [HttpListenCommand.cc:112] IPv6 RPC: failed to bind TCP port 6800
Exception: [SocketCore.cc:312] errorCode=1 Failed to bind a socket, cause: Address already in use
2022-11-01 11:48:44.654228 [ERROR] [MultiUrlRequestInfo.cc:297] Exception caught
Exception: [DownloadEngineFactory.cc:219] errorCode=1 Failed to setup RPC server.
2022-11-01 11:48:54.531843 [NOTICE] [RequestGroup.cc:1217] Download complete: ./水淼甘雨(ELFXFL).7z
2022-11-01 11:49:32.568805 [NOTICE] [SaveSessionCommand.cc:82] Serialized session to '/Users/cxx/.aria2/aria2.session' successfully.
2022-11-01 12:07:56.994036 [NOTICE] [DownloadEngine.cc:265] Emergency shutdown sequence commencing...
2022-11-01 12:07:56.999823 [NOTICE] [MultiUrlRequestInfo.cc:342] Serialized session to '/Users/cxx/.aria2/aria2.session' successfully.
2022-11-01 12:08:00.587703 [NOTICE] [HttpListenCommand.cc:108] IPv4 RPC: listening on TCP port 6800
2022-11-01 12:08:00.588178 [NOTICE] [HttpListenCommand.cc:108] IPv6 RPC: listening on TCP port 6800
2022-11-01 12:08:18.926107 [NOTICE] [DownloadEngine.cc:256] Shutdown sequence commencing... Press Ctrl-C again for emergency shutdown.
2022-11-01 12:08:18.929594 [NOTICE] [MultiUrlRequestInfo.cc:342] Serialized session to '/Users/cxx/.aria2/aria2.session' successfully.
2022-11-01 12:08:38.160797 [NOTICE] [HttpListenCommand.cc:108] IPv4 RPC: listening on TCP port 6800
2022-11-01 12:08:38.163193 [NOTICE] [HttpListenCommand.cc:108] IPv6 RPC: listening on TCP port 6800
2022-11-01 12:09:38.286013 [NOTICE] [SaveSessionCommand.cc:82] Serialized session to '/Users/cxx/.aria2/aria2.session' successfully.
